<?xml version="1.0" encoding="UTF-8"?>
<!-- Generated by org.testng.reporters.JUnitReportReporter -->
<testsuite hostname="DESKTOP-QJ8DNNF" failures="0" tests="1" name="com.Demo.testScripts.CreateOrganisationsTest" time="13.261" errors="0" timestamp="2022-11-30T15:06:46 IST" skipped="0">
  <testcase classname="com.Demo.testScripts.CreateOrganisationsTest" name="createOrganisations" time="13.261"/>
  <system-out>
    <![CDATA[create organisation test is pass]]>
  </system-out>
</testsuite> <!-- com.Demo.testScripts.CreateOrganisationsTest -->
