<?xml version="1.0" encoding="UTF-8"?>
<!-- Generated by org.testng.reporters.JUnitReportReporter -->
<testsuite hostname="DESKTOP-QJ8DNNF" failures="0" tests="1" name="com.Demo.testScripts.CreateLeadTest" time="7.907" errors="0" timestamp="2022-11-30T15:06:46 IST" skipped="0">
  <testcase classname="com.Demo.testScripts.CreateLeadTest" name="createLead" time="7.907"/>
  <system-out/>
</testsuite> <!-- com.Demo.testScripts.CreateLeadTest -->
